<?xml version="1.0" encoding="UTF-8"?>
<testsuite xmlns:xsi="http://www.w3.org/2001/XMLSchema-instance" xsi:noNamespaceSchemaLocation="https://maven.apache.org/surefire/maven-surefire-plugin/xsd/surefire-test-report.xsd" name="com.springBoot1.SB2.controller.UserControllerTest" time="2.758" tests="1" errors="0" skipped="0" failures="1">
  <properties>
    <property name="sun.desktop" value="gnome"/>
    <property name="awt.toolkit" value="sun.awt.X11.XToolkit"/>
    <property name="java.specification.version" value="11"/>
    <property name="sun.cpu.isalist" value=""/>
    <property name="sun.jnu.encoding" value="UTF-8"/>
    <property name="java.class.path" value="/home/mohamed/Documents/projects/pharmacy/target/test-classes:/home/mohamed/Documents/projects/pharmacy/target/classes:/home/mohamed/.m2/repository/org/springframework/boot/spring-boot-starter-mail/2.7.6/spring-boot-starter-mail-2.7.6.jar:/home/mohamed/.m2/repository/org/springframework/boot/spring-boot-starter/2.7.6/spring-boot-starter-2.7.6.jar:/home/mohamed/.m2/repository/org/springframework/boot/spring-boot-starter-logging/2.7.6/spring-boot-starter-logging-2.7.6.jar:/home/mohamed/.m2/repository/ch/qos/logback/logback-classic/1.2.11/logback-classic-1.2.11.jar:/home/mohamed/.m2/repository/ch/qos/logback/logback-core/1.2.11/logback-core-1.2.11.jar:/home/mohamed/.m2/repository/org/apache/logging/log4j/log4j-to-slf4j/2.17.2/log4j-to-slf4j-2.17.2.jar:/home/mohamed/.m2/repository/org/apache/logging/log4j/log4j-api/2.17.2/log4j-api-2.17.2.jar:/home/mohamed/.m2/repository/org/slf4j/jul-to-slf4j/1.7.36/jul-to-slf4j-1.7.36.jar:/home/mohamed/.m2/repository/org/yaml/snakeyaml/1.30/snakeyaml-1.30.jar:/home/mohamed/.m2/repository/org/springframework/spring-context-support/5.3.24/spring-context-support-5.3.24.jar:/home/mohamed/.m2/repository/org/springframework/spring-beans/5.3.24/spring-beans-5.3.24.jar:/home/mohamed/.m2/repository/org/springframework/spring-context/5.3.24/spring-context-5.3.24.jar:/home/mohamed/.m2/repository/com/sun/mail/jakarta.mail/1.6.7/jakarta.mail-1.6.7.jar:/home/mohamed/.m2/repository/com/sun/activation/jakarta.activation/1.2.2/jakarta.activation-1.2.2.jar:/home/mohamed/.m2/repository/org/springframework/boot/spring-boot-starter-tomcat/2.7.6/spring-boot-starter-tomcat-2.7.6.jar:/home/mohamed/.m2/repository/jakarta/annotation/jakarta.annotation-api/1.3.5/jakarta.annotation-api-1.3.5.jar:/home/mohamed/.m2/repository/org/apache/tomcat/embed/tomcat-embed-core/9.0.69/tomcat-embed-core-9.0.69.jar:/home/mohamed/.m2/repository/org/apache/tomcat/embed/tomcat-embed-el/9.0.69/tomcat-embed-el-9.0.69.jar:/home/mohamed/.m2/repository/org/apache/tomcat/embed/tomcat-embed-websocket/9.0.69/tomcat-embed-websocket-9.0.69.jar:/home/mohamed/.m2/repository/org/springframework/boot/spring-boot-starter-validation/2.7.6/spring-boot-starter-validation-2.7.6.jar:/home/mohamed/.m2/repository/org/hibernate/validator/hibernate-validator/6.2.5.Final/hibernate-validator-6.2.5.Final.jar:/home/mohamed/.m2/repository/jakarta/validation/jakarta.validation-api/2.0.2/jakarta.validation-api-2.0.2.jar:/home/mohamed/.m2/repository/org/jboss/logging/jboss-logging/3.4.3.Final/jboss-logging-3.4.3.Final.jar:/home/mohamed/.m2/repository/com/fasterxml/classmate/1.5.1/classmate-1.5.1.jar:/home/mohamed/.m2/repository/com/fasterxml/jackson/datatype/jackson-datatype-jsr310/2.13.4/jackson-datatype-jsr310-2.13.4.jar:/home/mohamed/.m2/repository/com/fasterxml/jackson/core/jackson-annotations/2.13.4/jackson-annotations-2.13.4.jar:/home/mohamed/.m2/repository/com/fasterxml/jackson/core/jackson-core/2.13.4/jackson-core-2.13.4.jar:/home/mohamed/.m2/repository/com/fasterxml/jackson/core/jackson-databind/2.13.4.2/jackson-databind-2.13.4.2.jar:/home/mohamed/.m2/repository/org/springframework/boot/spring-boot-starter-data-jpa/2.7.6/spring-boot-starter-data-jpa-2.7.6.jar:/home/mohamed/.m2/repository/org/springframework/boot/spring-boot-starter-aop/2.7.6/spring-boot-starter-aop-2.7.6.jar:/home/mohamed/.m2/repository/org/aspectj/aspectjweaver/1.9.7/aspectjweaver-1.9.7.jar:/home/mohamed/.m2/repository/org/springframework/boot/spring-boot-starter-jdbc/2.7.6/spring-boot-starter-jdbc-2.7.6.jar:/home/mohamed/.m2/repository/com/zaxxer/HikariCP/4.0.3/HikariCP-4.0.3.jar:/home/mohamed/.m2/repository/org/springframework/spring-jdbc/5.3.24/spring-jdbc-5.3.24.jar:/home/mohamed/.m2/repository/jakarta/transaction/jakarta.transaction-api/1.3.3/jakarta.transaction-api-1.3.3.jar:/home/mohamed/.m2/repository/jakarta/persistence/jakarta.persistence-api/2.2.3/jakarta.persistence-api-2.2.3.jar:/home/mohamed/.m2/repository/org/hibernate/hibernate-core/5.6.14.Final/hibernate-core-5.6.14.Final.jar:/home/mohamed/.m2/repository/net/bytebuddy/byte-buddy/1.12.19/byte-buddy-1.12.19.jar:/home/mohamed/.m2/repository/antlr/antlr/2.7.7/antlr-2.7.7.jar:/home/mohamed/.m2/repository/org/jboss/jandex/2.4.2.Final/jandex-2.4.2.Final.jar:/home/mohamed/.m2/repository/org/hibernate/common/hibernate-commons-annotations/5.1.2.Final/hibernate-commons-annotations-5.1.2.Final.jar:/home/mohamed/.m2/repository/org/glassfish/jaxb/jaxb-runtime/2.3.7/jaxb-runtime-2.3.7.jar:/home/mohamed/.m2/repository/org/glassfish/jaxb/txw2/2.3.7/txw2-2.3.7.jar:/home/mohamed/.m2/repository/com/sun/istack/istack-commons-runtime/3.0.12/istack-commons-runtime-3.0.12.jar:/home/mohamed/.m2/repository/org/springframework/data/spring-data-jpa/2.7.6/spring-data-jpa-2.7.6.jar:/home/mohamed/.m2/repository/org/springframework/data/spring-data-commons/2.7.6/spring-data-commons-2.7.6.jar:/home/mohamed/.m2/repository/org/springframework/spring-orm/5.3.24/spring-orm-5.3.24.jar:/home/mohamed/.m2/repository/org/springframework/spring-tx/5.3.24/spring-tx-5.3.24.jar:/home/mohamed/.m2/repository/org/slf4j/slf4j-api/1.7.36/slf4j-api-1.7.36.jar:/home/mohamed/.m2/repository/org/springframework/spring-aspects/5.3.24/spring-aspects-5.3.24.jar:/home/mohamed/.m2/repository/com/mysql/mysql-connector-j/8.0.31/mysql-connector-j-8.0.31.jar:/home/mohamed/.m2/repository/org/projectlombok/lombok/1.18.24/lombok-1.18.24.jar:/home/mohamed/.m2/repository/org/springframework/boot/spring-boot-starter-web/2.7.6/spring-boot-starter-web-2.7.6.jar:/home/mohamed/.m2/repository/org/springframework/boot/spring-boot-starter-json/2.7.6/spring-boot-starter-json-2.7.6.jar:/home/mohamed/.m2/repository/com/fasterxml/jackson/datatype/jackson-datatype-jdk8/2.13.4/jackson-datatype-jdk8-2.13.4.jar:/home/mohamed/.m2/repository/com/fasterxml/jackson/module/jackson-module-parameter-names/2.13.4/jackson-module-parameter-names-2.13.4.jar:/home/mohamed/.m2/repository/org/springframework/spring-web/5.3.24/spring-web-5.3.24.jar:/home/mohamed/.m2/repository/org/springframework/spring-webmvc/5.3.24/spring-webmvc-5.3.24.jar:/home/mohamed/.m2/repository/org/springframework/spring-expression/5.3.24/spring-expression-5.3.24.jar:/home/mohamed/.m2/repository/org/springframework/boot/spring-boot-starter-test/2.7.6/spring-boot-starter-test-2.7.6.jar:/home/mohamed/.m2/repository/org/springframework/boot/spring-boot-test/2.7.6/spring-boot-test-2.7.6.jar:/home/mohamed/.m2/repository/org/springframework/boot/spring-boot-test-autoconfigure/2.7.6/spring-boot-test-autoconfigure-2.7.6.jar:/home/mohamed/.m2/repository/com/jayway/jsonpath/json-path/2.7.0/json-path-2.7.0.jar:/home/mohamed/.m2/repository/net/minidev/json-smart/2.4.8/json-smart-2.4.8.jar:/home/mohamed/.m2/repository/net/minidev/accessors-smart/2.4.8/accessors-smart-2.4.8.jar:/home/mohamed/.m2/repository/org/ow2/asm/asm/9.1/asm-9.1.jar:/home/mohamed/.m2/repository/jakarta/xml/bind/jakarta.xml.bind-api/2.3.3/jakarta.xml.bind-api-2.3.3.jar:/home/mohamed/.m2/repository/jakarta/activation/jakarta.activation-api/1.2.2/jakarta.activation-api-1.2.2.jar:/home/mohamed/.m2/repository/org/assertj/assertj-core/3.22.0/assertj-core-3.22.0.jar:/home/mohamed/.m2/repository/org/hamcrest/hamcrest/2.2/hamcrest-2.2.jar:/home/mohamed/.m2/repository/org/junit/jupiter/junit-jupiter/5.8.2/junit-jupiter-5.8.2.jar:/home/mohamed/.m2/repository/org/junit/jupiter/junit-jupiter-api/5.8.2/junit-jupiter-api-5.8.2.jar:/home/mohamed/.m2/repository/org/opentest4j/opentest4j/1.2.0/opentest4j-1.2.0.jar:/home/mohamed/.m2/repository/org/junit/platform/junit-platform-commons/1.8.2/junit-platform-commons-1.8.2.jar:/home/mohamed/.m2/repository/org/apiguardian/apiguardian-api/1.1.2/apiguardian-api-1.1.2.jar:/home/mohamed/.m2/repository/org/junit/jupiter/junit-jupiter-params/5.8.2/junit-jupiter-params-5.8.2.jar:/home/mohamed/.m2/repository/org/junit/jupiter/junit-jupiter-engine/5.8.2/junit-jupiter-engine-5.8.2.jar:/home/mohamed/.m2/repository/org/junit/platform/junit-platform-engine/1.8.2/junit-platform-engine-1.8.2.jar:/home/mohamed/.m2/repository/org/mockito/mockito-core/4.5.1/mockito-core-4.5.1.jar:/home/mohamed/.m2/repository/net/bytebuddy/byte-buddy-agent/1.12.19/byte-buddy-agent-1.12.19.jar:/home/mohamed/.m2/repository/org/objenesis/objenesis/3.2/objenesis-3.2.jar:/home/mohamed/.m2/repository/org/mockito/mockito-junit-jupiter/4.5.1/mockito-junit-jupiter-4.5.1.jar:/home/mohamed/.m2/repository/org/skyscreamer/jsonassert/1.5.1/jsonassert-1.5.1.jar:/home/mohamed/.m2/repository/com/vaadin/external/google/android-json/0.0.20131108.vaadin1/android-json-0.0.20131108.vaadin1.jar:/home/mohamed/.m2/repository/org/springframework/spring-core/5.3.24/spring-core-5.3.24.jar:/home/mohamed/.m2/repository/org/springframework/spring-jcl/5.3.24/spring-jcl-5.3.24.jar:/home/mohamed/.m2/repository/org/springframework/spring-test/5.3.24/spring-test-5.3.24.jar:/home/mohamed/.m2/repository/org/xmlunit/xmlunit-core/2.9.0/xmlunit-core-2.9.0.jar:/home/mohamed/.m2/repository/org/springframework/boot/spring-boot-devtools/2.7.6/spring-boot-devtools-2.7.6.jar:/home/mohamed/.m2/repository/org/springframework/boot/spring-boot/2.7.6/spring-boot-2.7.6.jar:/home/mohamed/.m2/repository/org/springframework/boot/spring-boot-autoconfigure/2.7.6/spring-boot-autoconfigure-2.7.6.jar:/home/mohamed/.m2/repository/org/springframework/boot/spring-boot-starter-security/2.7.6/spring-boot-starter-security-2.7.6.jar:/home/mohamed/.m2/repository/org/springframework/spring-aop/5.3.24/spring-aop-5.3.24.jar:/home/mohamed/.m2/repository/org/springframework/security/spring-security-config/5.7.5/spring-security-config-5.7.5.jar:/home/mohamed/.m2/repository/org/springframework/security/spring-security-web/5.7.5/spring-security-web-5.7.5.jar:/home/mohamed/.m2/repository/org/springframework/security/spring-security-test/5.7.5/spring-security-test-5.7.5.jar:/home/mohamed/.m2/repository/org/springframework/security/spring-security-core/5.7.5/spring-security-core-5.7.5.jar:/home/mohamed/.m2/repository/org/springframework/security/spring-security-crypto/5.7.5/spring-security-crypto-5.7.5.jar:/home/mohamed/.m2/repository/io/jsonwebtoken/jjwt/0.9.1/jjwt-0.9.1.jar:/home/mohamed/.m2/repository/org/mapstruct/mapstruct/1.5.3.Final/mapstruct-1.5.3.Final.jar:/home/mohamed/.m2/repository/com/github/librepdf/openpdf/1.3.30/openpdf-1.3.30.jar:/home/mohamed/.m2/repository/com/google/code/findbugs/jsr305/3.0.2/jsr305-3.0.2.jar:"/>
    <property name="java.vm.vendor" value="Ubuntu"/>
    <property name="sun.arch.data.model" value="64"/>
    <property name="java.vendor.url" value="https://ubuntu.com/"/>
    <property name="user.timezone" value=""/>
    <property name="java.vm.specification.version" value="11"/>
    <property name="os.name" value="Linux"/>
    <property name="sun.java.launcher" value="SUN_STANDARD"/>
    <property name="user.country" value="US"/>
    <property name="sun.boot.library.path" value="/usr/lib/jvm/java-11-openjdk-amd64/lib"/>
    <property name="sun.java.command" value="/home/mohamed/Documents/projects/pharmacy/target/surefire/surefirebooter7395884915359213439.jar /home/mohamed/Documents/projects/pharmacy/target/surefire 2023-03-23T01-48-39_855-jvmRun1 surefire13802567911806146039tmp surefire_011871353823131697416tmp"/>
    <property name="jdk.debug" value="release"/>
    <property name="surefire.test.class.path" value="/home/mohamed/Documents/projects/pharmacy/target/test-classes:/home/mohamed/Documents/projects/pharmacy/target/classes:/home/mohamed/.m2/repository/org/springframework/boot/spring-boot-starter-mail/2.7.6/spring-boot-starter-mail-2.7.6.jar:/home/mohamed/.m2/repository/org/springframework/boot/spring-boot-starter/2.7.6/spring-boot-starter-2.7.6.jar:/home/mohamed/.m2/repository/org/springframework/boot/spring-boot-starter-logging/2.7.6/spring-boot-starter-logging-2.7.6.jar:/home/mohamed/.m2/repository/ch/qos/logback/logback-classic/1.2.11/logback-classic-1.2.11.jar:/home/mohamed/.m2/repository/ch/qos/logback/logback-core/1.2.11/logback-core-1.2.11.jar:/home/mohamed/.m2/repository/org/apache/logging/log4j/log4j-to-slf4j/2.17.2/log4j-to-slf4j-2.17.2.jar:/home/mohamed/.m2/repository/org/apache/logging/log4j/log4j-api/2.17.2/log4j-api-2.17.2.jar:/home/mohamed/.m2/repository/org/slf4j/jul-to-slf4j/1.7.36/jul-to-slf4j-1.7.36.jar:/home/mohamed/.m2/repository/org/yaml/snakeyaml/1.30/snakeyaml-1.30.jar:/home/mohamed/.m2/repository/org/springframework/spring-context-support/5.3.24/spring-context-support-5.3.24.jar:/home/mohamed/.m2/repository/org/springframework/spring-beans/5.3.24/spring-beans-5.3.24.jar:/home/mohamed/.m2/repository/org/springframework/spring-context/5.3.24/spring-context-5.3.24.jar:/home/mohamed/.m2/repository/com/sun/mail/jakarta.mail/1.6.7/jakarta.mail-1.6.7.jar:/home/mohamed/.m2/repository/com/sun/activation/jakarta.activation/1.2.2/jakarta.activation-1.2.2.jar:/home/mohamed/.m2/repository/org/springframework/boot/spring-boot-starter-tomcat/2.7.6/spring-boot-starter-tomcat-2.7.6.jar:/home/mohamed/.m2/repository/jakarta/annotation/jakarta.annotation-api/1.3.5/jakarta.annotation-api-1.3.5.jar:/home/mohamed/.m2/repository/org/apache/tomcat/embed/tomcat-embed-core/9.0.69/tomcat-embed-core-9.0.69.jar:/home/mohamed/.m2/repository/org/apache/tomcat/embed/tomcat-embed-el/9.0.69/tomcat-embed-el-9.0.69.jar:/home/mohamed/.m2/repository/org/apache/tomcat/embed/tomcat-embed-websocket/9.0.69/tomcat-embed-websocket-9.0.69.jar:/home/mohamed/.m2/repository/org/springframework/boot/spring-boot-starter-validation/2.7.6/spring-boot-starter-validation-2.7.6.jar:/home/mohamed/.m2/repository/org/hibernate/validator/hibernate-validator/6.2.5.Final/hibernate-validator-6.2.5.Final.jar:/home/mohamed/.m2/repository/jakarta/validation/jakarta.validation-api/2.0.2/jakarta.validation-api-2.0.2.jar:/home/mohamed/.m2/repository/org/jboss/logging/jboss-logging/3.4.3.Final/jboss-logging-3.4.3.Final.jar:/home/mohamed/.m2/repository/com/fasterxml/classmate/1.5.1/classmate-1.5.1.jar:/home/mohamed/.m2/repository/com/fasterxml/jackson/datatype/jackson-datatype-jsr310/2.13.4/jackson-datatype-jsr310-2.13.4.jar:/home/mohamed/.m2/repository/com/fasterxml/jackson/core/jackson-annotations/2.13.4/jackson-annotations-2.13.4.jar:/home/mohamed/.m2/repository/com/fasterxml/jackson/core/jackson-core/2.13.4/jackson-core-2.13.4.jar:/home/mohamed/.m2/repository/com/fasterxml/jackson/core/jackson-databind/2.13.4.2/jackson-databind-2.13.4.2.jar:/home/mohamed/.m2/repository/org/springframework/boot/spring-boot-starter-data-jpa/2.7.6/spring-boot-starter-data-jpa-2.7.6.jar:/home/mohamed/.m2/repository/org/springframework/boot/spring-boot-starter-aop/2.7.6/spring-boot-starter-aop-2.7.6.jar:/home/mohamed/.m2/repository/org/aspectj/aspectjweaver/1.9.7/aspectjweaver-1.9.7.jar:/home/mohamed/.m2/repository/org/springframework/boot/spring-boot-starter-jdbc/2.7.6/spring-boot-starter-jdbc-2.7.6.jar:/home/mohamed/.m2/repository/com/zaxxer/HikariCP/4.0.3/HikariCP-4.0.3.jar:/home/mohamed/.m2/repository/org/springframework/spring-jdbc/5.3.24/spring-jdbc-5.3.24.jar:/home/mohamed/.m2/repository/jakarta/transaction/jakarta.transaction-api/1.3.3/jakarta.transaction-api-1.3.3.jar:/home/mohamed/.m2/repository/jakarta/persistence/jakarta.persistence-api/2.2.3/jakarta.persistence-api-2.2.3.jar:/home/mohamed/.m2/repository/org/hibernate/hibernate-core/5.6.14.Final/hibernate-core-5.6.14.Final.jar:/home/mohamed/.m2/repository/net/bytebuddy/byte-buddy/1.12.19/byte-buddy-1.12.19.jar:/home/mohamed/.m2/repository/antlr/antlr/2.7.7/antlr-2.7.7.jar:/home/mohamed/.m2/repository/org/jboss/jandex/2.4.2.Final/jandex-2.4.2.Final.jar:/home/mohamed/.m2/repository/org/hibernate/common/hibernate-commons-annotations/5.1.2.Final/hibernate-commons-annotations-5.1.2.Final.jar:/home/mohamed/.m2/repository/org/glassfish/jaxb/jaxb-runtime/2.3.7/jaxb-runtime-2.3.7.jar:/home/mohamed/.m2/repository/org/glassfish/jaxb/txw2/2.3.7/txw2-2.3.7.jar:/home/mohamed/.m2/repository/com/sun/istack/istack-commons-runtime/3.0.12/istack-commons-runtime-3.0.12.jar:/home/mohamed/.m2/repository/org/springframework/data/spring-data-jpa/2.7.6/spring-data-jpa-2.7.6.jar:/home/mohamed/.m2/repository/org/springframework/data/spring-data-commons/2.7.6/spring-data-commons-2.7.6.jar:/home/mohamed/.m2/repository/org/springframework/spring-orm/5.3.24/spring-orm-5.3.24.jar:/home/mohamed/.m2/repository/org/springframework/spring-tx/5.3.24/spring-tx-5.3.24.jar:/home/mohamed/.m2/repository/org/slf4j/slf4j-api/1.7.36/slf4j-api-1.7.36.jar:/home/mohamed/.m2/repository/org/springframework/spring-aspects/5.3.24/spring-aspects-5.3.24.jar:/home/mohamed/.m2/repository/com/mysql/mysql-connector-j/8.0.31/mysql-connector-j-8.0.31.jar:/home/mohamed/.m2/repository/org/projectlombok/lombok/1.18.24/lombok-1.18.24.jar:/home/mohamed/.m2/repository/org/springframework/boot/spring-boot-starter-web/2.7.6/spring-boot-starter-web-2.7.6.jar:/home/mohamed/.m2/repository/org/springframework/boot/spring-boot-starter-json/2.7.6/spring-boot-starter-json-2.7.6.jar:/home/mohamed/.m2/repository/com/fasterxml/jackson/datatype/jackson-datatype-jdk8/2.13.4/jackson-datatype-jdk8-2.13.4.jar:/home/mohamed/.m2/repository/com/fasterxml/jackson/module/jackson-module-parameter-names/2.13.4/jackson-module-parameter-names-2.13.4.jar:/home/mohamed/.m2/repository/org/springframework/spring-web/5.3.24/spring-web-5.3.24.jar:/home/mohamed/.m2/repository/org/springframework/spring-webmvc/5.3.24/spring-webmvc-5.3.24.jar:/home/mohamed/.m2/repository/org/springframework/spring-expression/5.3.24/spring-expression-5.3.24.jar:/home/mohamed/.m2/repository/org/springframework/boot/spring-boot-starter-test/2.7.6/spring-boot-starter-test-2.7.6.jar:/home/mohamed/.m2/repository/org/springframework/boot/spring-boot-test/2.7.6/spring-boot-test-2.7.6.jar:/home/mohamed/.m2/repository/org/springframework/boot/spring-boot-test-autoconfigure/2.7.6/spring-boot-test-autoconfigure-2.7.6.jar:/home/mohamed/.m2/repository/com/jayway/jsonpath/json-path/2.7.0/json-path-2.7.0.jar:/home/mohamed/.m2/repository/net/minidev/json-smart/2.4.8/json-smart-2.4.8.jar:/home/mohamed/.m2/repository/net/minidev/accessors-smart/2.4.8/accessors-smart-2.4.8.jar:/home/mohamed/.m2/repository/org/ow2/asm/asm/9.1/asm-9.1.jar:/home/mohamed/.m2/repository/jakarta/xml/bind/jakarta.xml.bind-api/2.3.3/jakarta.xml.bind-api-2.3.3.jar:/home/mohamed/.m2/repository/jakarta/activation/jakarta.activation-api/1.2.2/jakarta.activation-api-1.2.2.jar:/home/mohamed/.m2/repository/org/assertj/assertj-core/3.22.0/assertj-core-3.22.0.jar:/home/mohamed/.m2/repository/org/hamcrest/hamcrest/2.2/hamcrest-2.2.jar:/home/mohamed/.m2/repository/org/junit/jupiter/junit-jupiter/5.8.2/junit-jupiter-5.8.2.jar:/home/mohamed/.m2/repository/org/junit/jupiter/junit-jupiter-api/5.8.2/junit-jupiter-api-5.8.2.jar:/home/mohamed/.m2/repository/org/opentest4j/opentest4j/1.2.0/opentest4j-1.2.0.jar:/home/mohamed/.m2/repository/org/junit/platform/junit-platform-commons/1.8.2/junit-platform-commons-1.8.2.jar:/home/mohamed/.m2/repository/org/apiguardian/apiguardian-api/1.1.2/apiguardian-api-1.1.2.jar:/home/mohamed/.m2/repository/org/junit/jupiter/junit-jupiter-params/5.8.2/junit-jupiter-params-5.8.2.jar:/home/mohamed/.m2/repository/org/junit/jupiter/junit-jupiter-engine/5.8.2/junit-jupiter-engine-5.8.2.jar:/home/mohamed/.m2/repository/org/junit/platform/junit-platform-engine/1.8.2/junit-platform-engine-1.8.2.jar:/home/mohamed/.m2/repository/org/mockito/mockito-core/4.5.1/mockito-core-4.5.1.jar:/home/mohamed/.m2/repository/net/bytebuddy/byte-buddy-agent/1.12.19/byte-buddy-agent-1.12.19.jar:/home/mohamed/.m2/repository/org/objenesis/objenesis/3.2/objenesis-3.2.jar:/home/mohamed/.m2/repository/org/mockito/mockito-junit-jupiter/4.5.1/mockito-junit-jupiter-4.5.1.jar:/home/mohamed/.m2/repository/org/skyscreamer/jsonassert/1.5.1/jsonassert-1.5.1.jar:/home/mohamed/.m2/repository/com/vaadin/external/google/android-json/0.0.20131108.vaadin1/android-json-0.0.20131108.vaadin1.jar:/home/mohamed/.m2/repository/org/springframework/spring-core/5.3.24/spring-core-5.3.24.jar:/home/mohamed/.m2/repository/org/springframework/spring-jcl/5.3.24/spring-jcl-5.3.24.jar:/home/mohamed/.m2/repository/org/springframework/spring-test/5.3.24/spring-test-5.3.24.jar:/home/mohamed/.m2/repository/org/xmlunit/xmlunit-core/2.9.0/xmlunit-core-2.9.0.jar:/home/mohamed/.m2/repository/org/springframework/boot/spring-boot-devtools/2.7.6/spring-boot-devtools-2.7.6.jar:/home/mohamed/.m2/repository/org/springframework/boot/spring-boot/2.7.6/spring-boot-2.7.6.jar:/home/mohamed/.m2/repository/org/springframework/boot/spring-boot-autoconfigure/2.7.6/spring-boot-autoconfigure-2.7.6.jar:/home/mohamed/.m2/repository/org/springframework/boot/spring-boot-starter-security/2.7.6/spring-boot-starter-security-2.7.6.jar:/home/mohamed/.m2/repository/org/springframework/spring-aop/5.3.24/spring-aop-5.3.24.jar:/home/mohamed/.m2/repository/org/springframework/security/spring-security-config/5.7.5/spring-security-config-5.7.5.jar:/home/mohamed/.m2/repository/org/springframework/security/spring-security-web/5.7.5/spring-security-web-5.7.5.jar:/home/mohamed/.m2/repository/org/springframework/security/spring-security-test/5.7.5/spring-security-test-5.7.5.jar:/home/mohamed/.m2/repository/org/springframework/security/spring-security-core/5.7.5/spring-security-core-5.7.5.jar:/home/mohamed/.m2/repository/org/springframework/security/spring-security-crypto/5.7.5/spring-security-crypto-5.7.5.jar:/home/mohamed/.m2/repository/io/jsonwebtoken/jjwt/0.9.1/jjwt-0.9.1.jar:/home/mohamed/.m2/repository/org/mapstruct/mapstruct/1.5.3.Final/mapstruct-1.5.3.Final.jar:/home/mohamed/.m2/repository/com/github/librepdf/openpdf/1.3.30/openpdf-1.3.30.jar:/home/mohamed/.m2/repository/com/google/code/findbugs/jsr305/3.0.2/jsr305-3.0.2.jar:"/>
    <property name="sun.cpu.endian" value="little"/>
    <property name="user.home" value="/home/mohamed"/>
    <property name="user.language" value="en"/>
    <property name="java.specification.vendor" value="Oracle Corporation"/>
    <property name="java.version.date" value="2023-01-17"/>
    <property name="java.home" value="/usr/lib/jvm/java-11-openjdk-amd64"/>
    <property name="file.separator" value="/"/>
    <property name="basedir" value="/home/mohamed/Documents/projects/pharmacy"/>
    <property name="java.vm.compressedOopsMode" value="Zero based"/>
    <property name="line.separator" value="&#10;"/>
    <property name="java.specification.name" value="Java Platform API Specification"/>
    <property name="java.vm.specification.vendor" value="Oracle Corporation"/>
    <property name="java.awt.graphicsenv" value="sun.awt.X11GraphicsEnvironment"/>
    <property name="surefire.real.class.path" value="/home/mohamed/Documents/projects/pharmacy/target/surefire/surefirebooter7395884915359213439.jar"/>
    <property name="sun.management.compiler" value="HotSpot 64-Bit Tiered Compilers"/>
    <property name="java.runtime.version" value="11.0.18+10-post-Ubuntu-0ubuntu122.04"/>
    <property name="user.name" value="mohamed"/>
    <property name="path.separator" value=":"/>
    <property name="os.version" value="5.19.0-35-generic"/>
    <property name="java.runtime.name" value="OpenJDK Runtime Environment"/>
    <property name="file.encoding" value="UTF-8"/>
    <property name="java.vm.name" value="OpenJDK 64-Bit Server VM"/>
    <property name="localRepository" value="/home/mohamed/.m2/repository"/>
    <property name="java.vendor.url.bug" value="https://bugs.launchpad.net/ubuntu/+source/openjdk-lts"/>
    <property name="java.io.tmpdir" value="/tmp"/>
    <property name="java.version" value="11.0.18"/>
    <property name="user.dir" value="/home/mohamed/Documents/projects/pharmacy"/>
    <property name="os.arch" value="amd64"/>
    <property name="java.vm.specification.name" value="Java Virtual Machine Specification"/>
    <property name="java.awt.printerjob" value="sun.print.PSPrinterJob"/>
    <property name="sun.os.patch.level" value="unknown"/>
    <property name="java.library.path" value="/usr/java/packages/lib:/usr/lib/x86_64-linux-gnu/jni:/lib/x86_64-linux-gnu:/usr/lib/x86_64-linux-gnu:/usr/lib/jni:/lib:/usr/lib"/>
    <property name="java.vm.info" value="mixed mode, sharing"/>
    <property name="java.vendor" value="Ubuntu"/>
    <property name="java.vm.version" value="11.0.18+10-post-Ubuntu-0ubuntu122.04"/>
    <property name="sun.io.unicode.encoding" value="UnicodeLittle"/>
    <property name="java.class.version" value="55.0"/>
  </properties>
  <testcase name="assert_consuming_users_create_endpoint" classname="com.springBoot1.SB2.controller.UserControllerTest" time="0.306">
    <failure message="Status expected:&lt;201&gt; but was:&lt;400&gt;" type="java.lang.AssertionError"><![CDATA[java.lang.AssertionError: Status expected:<201> but was:<400>
	at com.springBoot1.SB2.controller.UserControllerTest.assert_consuming_users_create_endpoint(UserControllerTest.java:45)
]]></failure>
    <system-out><![CDATA[2023-03-23 01:49:09.720  INFO 29607 --- [           main] .b.t.c.SpringBootTestContextBootstrapper : Neither @ContextConfiguration nor @ContextHierarchy found for test class [com.springBoot1.SB2.controller.UserControllerTest], using SpringBootContextLoader
2023-03-23 01:49:09.721  INFO 29607 --- [           main] o.s.t.c.support.AbstractContextLoader    : Could not detect default resource locations for test class [com.springBoot1.SB2.controller.UserControllerTest]: no resource found for suffixes {-context.xml, Context.groovy}.
2023-03-23 01:49:09.721  INFO 29607 --- [           main] t.c.s.AnnotationConfigContextLoaderUtils : Could not detect default configuration classes for test class [com.springBoot1.SB2.controller.UserControllerTest]: UserControllerTest does not declare any static, non-private, non-final, nested classes annotated with @Configuration.
2023-03-23 01:49:09.730  INFO 29607 --- [           main] .b.t.c.SpringBootTestContextBootstrapper : Found @SpringBootConfiguration com.springBoot1.SB2.Sb2Application for test class com.springBoot1.SB2.controller.UserControllerTest
2023-03-23 01:49:09.731  INFO 29607 --- [           main] .b.t.c.SpringBootTestContextBootstrapper : Loaded default TestExecutionListener class names from location [META-INF/spring.factories]: [org.springframework.boot.test.mock.mockito.MockitoTestExecutionListener, org.springframework.boot.test.mock.mockito.ResetMocksTestExecutionListener, org.springframework.boot.test.autoconfigure.restdocs.RestDocsTestExecutionListener, org.springframework.boot.test.autoconfigure.web.client.MockRestServiceServerResetTestExecutionListener, org.springframework.boot.test.autoconfigure.web.servlet.MockMvcPrintOnlyOnFailureTestExecutionListener, org.springframework.boot.test.autoconfigure.web.servlet.WebDriverTestExecutionListener, org.springframework.boot.test.autoconfigure.webservices.client.MockWebServiceServerTestExecutionListener, org.springframework.test.context.web.ServletTestExecutionListener, org.springframework.test.context.support.DirtiesContextBeforeModesTestExecutionListener, org.springframework.test.context.event.ApplicationEventsTestExecutionListener, org.springframework.test.context.support.DependencyInjectionTestExecutionListener, org.springframework.test.context.support.DirtiesContextTestExecutionListener, org.springframework.test.context.transaction.TransactionalTestExecutionListener, org.springframework.test.context.jdbc.SqlScriptsTestExecutionListener, org.springframework.test.context.event.EventPublishingTestExecutionListener, org.springframework.security.test.context.support.WithSecurityContextTestExecutionListener, org.springframework.security.test.context.support.ReactorContextTestExecutionListener]
2023-03-23 01:49:09.732  INFO 29607 --- [           main] .b.t.c.SpringBootTestContextBootstrapper : Using TestExecutionListeners: [org.springframework.test.context.web.ServletTestExecutionListener@a6f34f5, org.springframework.test.context.support.DirtiesContextBeforeModesTestExecutionListener@1b6824c1, org.springframework.test.context.event.ApplicationEventsTestExecutionListener@3118ed2c, org.springframework.boot.test.mock.mockito.MockitoTestExecutionListener@5bc150e9, org.springframework.boot.test.autoconfigure.SpringBootDependencyInjectionTestExecutionListener@28fa0ff8, org.springframework.test.context.support.DirtiesContextTestExecutionListener@726e780a, org.springframework.test.context.transaction.TransactionalTestExecutionListener@4698ae6, org.springframework.test.context.jdbc.SqlScriptsTestExecutionListener@557ed49a, org.springframework.test.context.event.EventPublishingTestExecutionListener@2d839402, org.springframework.security.test.context.support.WithSecurityContextTestExecutionListener@2c2c1790, org.springframework.security.test.context.support.ReactorContextTestExecutionListener@645a9649, org.springframework.boot.test.mock.mockito.ResetMocksTestExecutionListener@4723445c, org.springframework.boot.test.autoconfigure.restdocs.RestDocsTestExecutionListener@7631fb3e, org.springframework.boot.test.autoconfigure.web.client.MockRestServiceServerResetTestExecutionListener@3aede2ff, org.springframework.boot.test.autoconfigure.web.servlet.MockMvcPrintOnlyOnFailureTestExecutionListener@ab5c335, org.springframework.boot.test.autoconfigure.web.servlet.WebDriverTestExecutionListener@5769679b, org.springframework.boot.test.autoconfigure.webservices.client.MockWebServiceServerTestExecutionListener@2ef89e43]

  .   ____          _            __ _ _
 /\\ / ___'_ __ _ _(_)_ __  __ _ \ \ \ \
( ( )\___ | '_ | '_| | '_ \/ _` | \ \ \ \
 \\/  ___)| |_)| | | | | || (_| |  ) ) ) )
  '  |____| .__|_| |_|_| |_\__, | / / / /
 =========|_|==============|___/=/_/_/_/
 :: Spring Boot ::                (v2.7.6)

2023-03-23 01:49:09.773  INFO 29607 --- [           main] c.s.SB2.controller.UserControllerTest    : Starting UserControllerTest using Java 11.0.18 on mohamedmossad with PID 29607 (started by mohamed in /home/mohamed/Documents/projects/pharmacy)
2023-03-23 01:49:09.773  INFO 29607 --- [           main] c.s.SB2.controller.UserControllerTest    : No active profile set, falling back to 1 default profile: "default"
2023-03-23 01:49:10.044  INFO 29607 --- [           main] .s.d.r.c.RepositoryConfigurationDelegate : Bootstrapping Spring Data JPA repositories in DEFAULT mode.
2023-03-23 01:49:10.107  INFO 29607 --- [           main] .s.d.r.c.RepositoryConfigurationDelegate : Finished Spring Data repository scanning in 62 ms. Found 18 JPA repository interfaces.
2023-03-23 01:49:10.316  INFO 29607 --- [           main] o.hibernate.jpa.internal.util.LogHelper  : HHH000204: Processing PersistenceUnitInfo [name: default]
2023-03-23 01:49:10.322  INFO 29607 --- [           main] com.zaxxer.hikari.HikariDataSource       : HikariPool-2 - Starting...
2023-03-23 01:49:10.339  INFO 29607 --- [           main] com.zaxxer.hikari.HikariDataSource       : HikariPool-2 - Start completed.
2023-03-23 01:49:10.340  INFO 29607 --- [           main] org.hibernate.dialect.Dialect            : HHH000400: Using dialect: org.hibernate.dialect.MySQL8Dialect
2023-03-23 01:49:10.957  INFO 29607 --- [           main] o.h.e.t.j.p.i.JtaPlatformInitiator       : HHH000490: Using JtaPlatform implementation: [org.hibernate.engine.transaction.jta.platform.internal.NoJtaPlatform]
2023-03-23 01:49:10.957  INFO 29607 --- [           main] j.LocalContainerEntityManagerFactoryBean : Initialized JPA EntityManagerFactory for persistence unit 'default'
2023-03-23 01:49:11.695  WARN 29607 --- [           main] JpaBaseConfiguration$JpaWebConfiguration : spring.jpa.open-in-view is enabled by default. Therefore, database queries may be performed during view rendering. Explicitly configure spring.jpa.open-in-view to disable this warning
2023-03-23 01:49:11.894  INFO 29607 --- [           main] o.s.s.web.DefaultSecurityFilterChain     : Will secure any request with [org.springframework.security.web.session.DisableEncodeUrlFilter@2cfd91b9, org.springframework.security.web.context.request.async.WebAsyncManagerIntegrationFilter@491cceb4, org.springframework.security.web.context.SecurityContextPersistenceFilter@60adea01, org.springframework.security.web.header.HeaderWriterFilter@7cb7ca06, org.springframework.web.filter.CorsFilter@17b3b021, org.springframework.security.web.authentication.logout.LogoutFilter@2d0f850, com.springBoot1.SB2.security.JwtAuthenticationFilter@15d844b2, org.springframework.security.web.savedrequest.RequestCacheAwareFilter@603042a5, org.springframework.security.web.servletapi.SecurityContextHolderAwareRequestFilter@2295535f, org.springframework.security.web.authentication.AnonymousAuthenticationFilter@504ed038, org.springframework.security.web.session.SessionManagementFilter@660b8572, org.springframework.security.web.access.ExceptionTranslationFilter@b517988, org.springframework.security.web.access.intercept.FilterSecurityInterceptor@1cbb6037]
2023-03-23 01:49:12.153  INFO 29607 --- [           main] o.s.b.t.m.w.SpringBootMockServletContext : Initializing Spring TestDispatcherServlet ''
2023-03-23 01:49:12.153  INFO 29607 --- [           main] o.s.t.web.servlet.TestDispatcherServlet  : Initializing Servlet ''
2023-03-23 01:49:12.154  INFO 29607 --- [           main] o.s.t.web.servlet.TestDispatcherServlet  : Completed initialization in 1 ms
2023-03-23 01:49:12.169  INFO 29607 --- [           main] c.s.SB2.controller.UserControllerTest    : Started UserControllerTest in 2.435 seconds (JVM running for 32.094)
Hibernate: select jwttoken0_.id as id1_4_, jwttoken0_.created_at as created_2_4_, jwttoken0_.updated_at as updated_3_4_, jwttoken0_.created_by as created_4_4_, jwttoken0_.updated_by as updated_5_4_, jwttoken0_.exp as exp6_4_, jwttoken0_.token as token7_4_ from jwt_tokens jwttoken0_ where jwttoken0_.token=?
Hibernate: select user0_.id as id1_18_, user0_.created_at as created_2_18_, user0_.updated_at as updated_3_18_, user0_.created_by as created_4_18_, user0_.updated_by as updated_5_18_, user0_.trashed as trashed6_18_, user0_.email as email7_18_, user0_.fname as fname8_18_, user0_.img as img9_18_, user0_.lname as lname10_18_, user0_.password as passwor11_18_, user0_.phone as phone12_18_, user0_.role_id as role_id14_18_, user0_.username as usernam13_18_ from users user0_ where user0_.username=?
Hibernate: select role0_.id as id1_13_0_, role0_.created_at as created_2_13_0_, role0_.updated_at as updated_3_13_0_, role0_.created_by as created_4_13_0_, role0_.updated_by as updated_5_13_0_, role0_.trashed as trashed6_13_0_, role0_.name as name7_13_0_, role0_.priority as priority8_13_0_, authoritie1_.role_id as role_id1_12_1_, authority2_.id as authorit2_12_1_, authority2_.id as id1_1_2_, authority2_.created_at as created_2_1_2_, authority2_.updated_at as updated_3_1_2_, authority2_.created_by as created_4_1_2_, authority2_.updated_by as updated_5_1_2_, authority2_.trashed as trashed6_1_2_, authority2_.name as name7_1_2_ from roles role0_ left outer join role_authorities authoritie1_ on role0_.id=authoritie1_.role_id left outer join authorities authority2_ on authoritie1_.authority_id=authority2_.id where role0_.id=?
Hibernate: select pharmacyus0_.id as id1_10_6_, pharmacyus0_.created_at as created_2_10_6_, pharmacyus0_.updated_at as updated_3_10_6_, pharmacyus0_.created_by as created_4_10_6_, pharmacyus0_.updated_by as updated_5_10_6_, pharmacyus0_.pharmacy_id as pharmacy6_10_6_, pharmacyus0_.user_id as user_id7_10_6_, pharmacy1_.id as id1_8_0_, pharmacy1_.created_at as created_2_8_0_, pharmacy1_.updated_at as updated_3_8_0_, pharmacy1_.created_by as created_4_8_0_, pharmacy1_.updated_by as updated_5_8_0_, pharmacy1_.trashed as trashed6_8_0_, pharmacy1_.address as address8_8_0_, pharmacy1_.manager as manager9_8_0_, pharmacy1_.name as name7_8_0_, address2_.id as id1_0_1_, address2_.created_at as created_2_0_1_, address2_.updated_at as updated_3_0_1_, address2_.created_by as created_4_0_1_, address2_.updated_by as updated_5_0_1_, address2_.trashed as trashed6_0_1_, address2_.city as city7_0_1_, address2_.governorate as governor8_0_1_, address2_.street as street9_0_1_, address2_.town as town10_0_1_, user3_.id as id1_18_2_, user3_.created_at as created_2_18_2_, user3_.updated_at as updated_3_18_2_, user3_.created_by as created_4_18_2_, user3_.updated_by as updated_5_18_2_, user3_.trashed as trashed6_18_2_, user3_.email as email7_18_2_, user3_.fname as fname8_18_2_, user3_.img as img9_18_2_, user3_.lname as lname10_18_2_, user3_.password as passwor11_18_2_, user3_.phone as phone12_18_2_, user3_.role_id as role_id14_18_2_, user3_.username as usernam13_18_2_, user4_.id as id1_18_3_, user4_.created_at as created_2_18_3_, user4_.updated_at as updated_3_18_3_, user4_.created_by as created_4_18_3_, user4_.updated_by as updated_5_18_3_, user4_.trashed as trashed6_18_3_, user4_.email as email7_18_3_, user4_.fname as fname8_18_3_, user4_.img as img9_18_3_, user4_.lname as lname10_18_3_, user4_.password as passwor11_18_3_, user4_.phone as phone12_18_3_, user4_.role_id as role_id14_18_3_, user4_.username as usernam13_18_3_, role5_.id as id1_13_4_, role5_.created_at as created_2_13_4_, role5_.updated_at as updated_3_13_4_, role5_.created_by as created_4_13_4_, role5_.updated_by as updated_5_13_4_, role5_.trashed as trashed6_13_4_, role5_.name as name7_13_4_, role5_.priority as priority8_13_4_, resetpassw6_.id as id1_11_5_, resetpassw6_.created_at as created_2_11_5_, resetpassw6_.updated_at as updated_3_11_5_, resetpassw6_.created_by as created_4_11_5_, resetpassw6_.updated_by as updated_5_11_5_, resetpassw6_.exp as exp6_11_5_, resetpassw6_.token as token7_11_5_, resetpassw6_.user_id as user_id8_11_5_ from pharmacy_users pharmacyus0_ left outer join pharmacies pharmacy1_ on pharmacyus0_.pharmacy_id=pharmacy1_.id left outer join addresses address2_ on pharmacy1_.address=address2_.id left outer join users user3_ on pharmacy1_.manager=user3_.id left outer join users user4_ on pharmacyus0_.user_id=user4_.id left outer join roles role5_ on user4_.role_id=role5_.id left outer join reset_password_tokens resetpassw6_ on user4_.id=resetpassw6_.user_id where pharmacyus0_.user_id=?
Hibernate: select resetpassw0_.id as id1_11_4_, resetpassw0_.created_at as created_2_11_4_, resetpassw0_.updated_at as updated_3_11_4_, resetpassw0_.created_by as created_4_11_4_, resetpassw0_.updated_by as updated_5_11_4_, resetpassw0_.exp as exp6_11_4_, resetpassw0_.token as token7_11_4_, resetpassw0_.user_id as user_id8_11_4_, user1_.id as id1_18_0_, user1_.created_at as created_2_18_0_, user1_.updated_at as updated_3_18_0_, user1_.created_by as created_4_18_0_, user1_.updated_by as updated_5_18_0_, user1_.trashed as trashed6_18_0_, user1_.email as email7_18_0_, user1_.fname as fname8_18_0_, user1_.img as img9_18_0_, user1_.lname as lname10_18_0_, user1_.password as passwor11_18_0_, user1_.phone as phone12_18_0_, user1_.role_id as role_id14_18_0_, user1_.username as usernam13_18_0_, managing2_.manager as manager9_8_6_, managing2_.id as id1_8_6_, managing2_.id as id1_8_1_, managing2_.created_at as created_2_8_1_, managing2_.updated_at as updated_3_8_1_, managing2_.created_by as created_4_8_1_, managing2_.updated_by as updated_5_8_1_, managing2_.trashed as trashed6_8_1_, managing2_.address as address8_8_1_, managing2_.manager as manager9_8_1_, managing2_.name as name7_8_1_, role3_.id as id1_13_2_, role3_.created_at as created_2_13_2_, role3_.updated_at as updated_3_13_2_, role3_.created_by as created_4_13_2_, role3_.updated_by as updated_5_13_2_, role3_.trashed as trashed6_13_2_, role3_.name as name7_13_2_, role3_.priority as priority8_13_2_, pharmacyus4_.id as id1_10_3_, pharmacyus4_.created_at as created_2_10_3_, pharmacyus4_.updated_at as updated_3_10_3_, pharmacyus4_.created_by as created_4_10_3_, pharmacyus4_.updated_by as updated_5_10_3_, pharmacyus4_.pharmacy_id as pharmacy6_10_3_, pharmacyus4_.user_id as user_id7_10_3_ from reset_password_tokens resetpassw0_ left outer join users user1_ on resetpassw0_.user_id=user1_.id left outer join pharmacies managing2_ on user1_.id=managing2_.manager left outer join roles role3_ on user1_.role_id=role3_.id left outer join pharmacy_users pharmacyus4_ on user1_.id=pharmacyus4_.user_id where resetpassw0_.user_id=?
Hibernate: select managing0_.manager as manager9_8_0_, managing0_.id as id1_8_0_, managing0_.id as id1_8_1_, managing0_.created_at as created_2_8_1_, managing0_.updated_at as updated_3_8_1_, managing0_.created_by as created_4_8_1_, managing0_.updated_by as updated_5_8_1_, managing0_.trashed as trashed6_8_1_, managing0_.address as address8_8_1_, managing0_.manager as manager9_8_1_, managing0_.name as name7_8_1_, address1_.id as id1_0_2_, address1_.created_at as created_2_0_2_, address1_.updated_at as updated_3_0_2_, address1_.created_by as created_4_0_2_, address1_.updated_by as updated_5_0_2_, address1_.trashed as trashed6_0_2_, address1_.city as city7_0_2_, address1_.governorate as governor8_0_2_, address1_.street as street9_0_2_, address1_.town as town10_0_2_ from pharmacies managing0_ inner join addresses address1_ on managing0_.address=address1_.id where managing0_.manager=?

MockHttpServletRequest:
      HTTP Method = POST
      Request URI = /api/v1/users/create
       Parameters = {}
          Headers = [Content-Type:"application/json;charset=UTF-8", Authorization:"Bearer eyJhbGciOiJIUzUxMiJ9.eyJzdWIiOiJtb21vIiwiaWF0IjoxNjc5NTI3ODUyLCJleHAiOjE2ODA3Mzg5NTJ9.753RKLNdgpaFiHs-jyfRP715VRDyIqKrfue6QqrYd0m5rE-QWlBz3ekDFI05npOmEc-ix_nWyF5XA-Alir7OGA", Content-Length:"147"]
             Body = {"fname":"fname","lname":"mossadf","username":"fdewfgrew","password":"fdfewdewfgrew","email":null,"phone":null,"role":1,"pharmacy":null,"img":null}
    Session Attrs = {}

Handler:
             Type = com.springBoot1.SB2.controller.UserController
           Method = com.springBoot1.SB2.controller.UserController#create(CreateUserDTO)

Async:
    Async started = false
     Async result = null

Resolved Exception:
             Type = org.springframework.validation.BindException

ModelAndView:
        View name = null
             View = null
            Model = null

FlashMap:
       Attributes = null

MockHttpServletResponse:
           Status = 400
    Error message = null
          Headers = [Vary:"Origin", "Access-Control-Request-Method", "Access-Control-Request-Headers", Content-Type:"application/json", X-Content-Type-Options:"nosniff", X-XSS-Protection:"1; mode=block", Cache-Control:"no-cache, no-store, max-age=0, must-revalidate", Pragma:"no-cache", Expires:"0", X-Frame-Options:"DENY"]
     Content type = application/json
             Body = {"success":false,"message":{"fname":"First Name mustn't be empty.","password":"Password mustn't be empty.","lname":"Last Name mustn't be empty.","role":"Role mustn't be empty.","username":"Username mustn't be empty."},"status":400}
    Forwarded URL = null
   Redirected URL = null
          Cookies = []
]]></system-out>
  </testcase>
</testsuite>